2025-07-09 01:24:45,585 - TradeStationDataFetcher - ERROR - All authentication attempts failed
2025-07-09 01:24:46,784 - yfinance - ERROR - $XLF: possibly delisted; no price data found  (1m 2025-01-01 -> 2025-07-10) (Yahoo error = "1m data not available for startTime=1735707600 and endTime=1752004483. Only 8 days worth of 1m granularity data are allowed to be fetched per request.")
2025-07-09 01:24:47,244 - yfinance - ERROR - $XLV: possibly delisted; no price data found  (1m 2025-01-01 -> 2025-07-10) (Yahoo error = "1m data not available for startTime=1735707600 and endTime=1752004484. Only 8 days worth of 1m granularity data are allowed to be fetched per request.")
2025-07-09 01:24:47,706 - yfinance - ERROR - $XLY: possibly delisted; no price data found  (1m 2025-01-01 -> 2025-07-10) (Yahoo error = "1m data not available for startTime=1735707600 and endTime=1752004484. Only 8 days worth of 1m granularity data are allowed to be fetched per request.")
2025-07-09 01:24:48,233 - yfinance - ERROR - $XLK: possibly delisted; no price data found  (1m 2025-01-01 -> 2025-07-10) (Yahoo error = "1m data not available for startTime=1735707600 and endTime=1752004485. Only 8 days worth of 1m granularity data are allowed to be fetched per request.")
2025-07-09 01:24:54,546 - TradeStationDataFetcher - ERROR - All authentication attempts failed
2025-07-09 01:24:55,112 - yfinance - ERROR - $XLF: possibly delisted; no price data found  (1m 2025-01-01 -> 2025-07-10) (Yahoo error = "1m data not available for startTime=1735707600 and endTime=1752004492. Only 8 days worth of 1m granularity data are allowed to be fetched per request.")
2025-07-09 01:24:55,816 - yfinance - ERROR - $XLV: possibly delisted; no price data found  (1m 2025-01-01 -> 2025-07-10) (Yahoo error = "1m data not available for startTime=1735707600 and endTime=1752004492. Only 8 days worth of 1m granularity data are allowed to be fetched per request.")
2025-07-09 01:24:56,439 - yfinance - ERROR - $XLY: possibly delisted; no price data found  (1m 2025-01-01 -> 2025-07-10) (Yahoo error = "1m data not available for startTime=1735707600 and endTime=1752004493. Only 8 days worth of 1m granularity data are allowed to be fetched per request.")
2025-07-09 01:24:57,293 - yfinance - ERROR - $XLK: possibly delisted; no price data found  (1m 2025-01-01 -> 2025-07-10) (Yahoo error = "1m data not available for startTime=1735707600 and endTime=1752004494. Only 8 days worth of 1m granularity data are allowed to be fetched per request.")
2025-07-09 01:24:57,877 - yfinance - ERROR - $NVDA: possibly delisted; no price data found  (1m 2025-01-01 -> 2025-07-10) (Yahoo error = "1m data not available for startTime=1735707600 and endTime=1752004494. Only 8 days worth of 1m granularity data are allowed to be fetched per request.")
2025-07-09 01:45:52,949 - UIController - ERROR - Backtest error: Traceback (most recent call last):
  File "C:\Users\krishna gupta\Desktop\Project\T_bot\Code\bot_core\backtest_runner.py", line 73, in run_comprehensive_backtest
    result = backtest_engine.run_backtest_for_ticker(
UnboundLocalError: local variable 'backtest_engine' referenced before assignment

During handling of the above exception, another exception occurred:

Traceback (most recent call last):
  File "C:\Users\krishna gupta\Desktop\Project\T_bot\Code\ui\ui_controller.py", line 1597, in run_backtest
    results = runner.run_comprehensive_backtest(backtest_params)
  File "C:\Users\krishna gupta\Desktop\Project\T_bot\Code\bot_core\backtest_runner.py", line 290, in run_comprehensive_backtest
    summary_stats['failed_tests'] += 1
UnboundLocalError: local variable 'summary_stats' referenced before assignment

2025-07-09 01:54:12,364 - TradeStationDataFetcher - ERROR - All authentication attempts failed
2025-07-09 01:54:12,450 - BacktestEngine - ERROR - Error in backtest for AAPL: [!] TradeStation authentication failed
2025-07-09 01:54:17,915 - TradeStationDataFetcher - ERROR - All authentication attempts failed
2025-07-09 01:54:17,971 - BacktestEngine - ERROR - Error in backtest for NVDA: [!] TradeStation authentication failed
2025-07-09 02:36:55,168 - TradeStationDataFetcher - ERROR - All authentication attempts failed
2025-07-09 02:36:55,279 - BacktestEngine - ERROR - Error in backtest for AAPL: [!] TradeStation authentication failed
2025-07-09 02:37:02,643 - TradeStationDataFetcher - ERROR - All authentication attempts failed
2025-07-09 02:37:02,715 - BacktestEngine - ERROR - Error in backtest for NVDA: [!] TradeStation authentication failed
2025-07-09 02:48:34,053 - TradeStationDataFetcher - ERROR - All authentication attempts failed
2025-07-09 02:48:34,211 - BacktestEngine - ERROR - Error in backtest for AAPL: [!] TradeStation authentication failed
2025-07-09 02:48:40,095 - TradeStationDataFetcher - ERROR - All authentication attempts failed
2025-07-09 02:48:40,223 - BacktestEngine - ERROR - Error in backtest for NVDA: [!] TradeStation authentication failed
2025-07-09 02:49:51,313 - TradeStationDataFetcher - ERROR - All authentication attempts failed
2025-07-09 02:49:51,435 - BacktestEngine - ERROR - Error in backtest for AAPL: [!] TradeStation authentication failed
2025-07-09 02:49:57,409 - TradeStationDataFetcher - ERROR - All authentication attempts failed
2025-07-09 02:49:57,451 - BacktestEngine - ERROR - Error in backtest for NVDA: [!] TradeStation authentication failed
2025-07-09 02:55:13,211 - TradeStationDataFetcher - ERROR - All authentication attempts failed
2025-07-09 02:55:13,283 - BacktestEngine - ERROR - Error in backtest for AAPL: [!] TradeStation authentication failed
2025-07-09 02:55:19,568 - TradeStationDataFetcher - ERROR - All authentication attempts failed
2025-07-09 02:55:19,639 - BacktestEngine - ERROR - Error in backtest for NVDA: [!] TradeStation authentication failed
2025-07-09 03:02:27,581 - TradeStationDataFetcher - ERROR - All authentication attempts failed
2025-07-09 03:02:27,644 - BacktestEngine - ERROR - Error in backtest for AAPL: [!] TradeStation authentication failed
2025-07-09 03:02:32,780 - TradeStationDataFetcher - ERROR - All authentication attempts failed
2025-07-09 03:02:32,820 - BacktestEngine - ERROR - Error in backtest for NVDA: [!] TradeStation authentication failed
2025-07-09 03:04:55,681 - TradeStationDataFetcher - ERROR - All authentication attempts failed
2025-07-09 03:04:55,791 - BacktestEngine - ERROR - Error in backtest for AAPL: [!] TradeStation authentication failed
2025-07-09 03:05:01,227 - TradeStationDataFetcher - ERROR - All authentication attempts failed
2025-07-09 03:05:01,289 - BacktestEngine - ERROR - Error in backtest for NVDA: [!] TradeStation authentication failed
2025-07-09 03:07:24,556 - TradeStationDataFetcher - ERROR - All authentication attempts failed
2025-07-09 03:07:24,634 - BacktestEngine - ERROR - Error in backtest for AAPL: [!] TradeStation authentication failed
2025-07-09 03:07:31,010 - TradeStationDataFetcher - ERROR - All authentication attempts failed
2025-07-09 03:07:31,089 - BacktestEngine - ERROR - Error in backtest for NVDA: [!] TradeStation authentication failed
2025-07-09 03:37:15,750 - CandleDataClient - ERROR - Failed to fetch external data: [!] ERROR: YFinance only provides 60 days of 5m data, but you requested 189 days
2025-07-09 03:37:15,750 - BacktestEngine - ERROR - Error in backtest for AAPL: [!] ERROR: YFinance only provides 60 days of 5m data, but you requested 189 days
2025-07-09 03:37:15,954 - CandleDataClient - ERROR - Failed to fetch external data: [!] ERROR: YFinance only provides 60 days of 5m data, but you requested 189 days
2025-07-09 03:37:15,954 - BacktestEngine - ERROR - Error in backtest for NVDA: [!] ERROR: YFinance only provides 60 days of 5m data, but you requested 189 days
2025-07-09 03:40:46,493 - BacktestEngine - ERROR - Error in backtest for AAPL: [!] ERROR: YFinance only provides 7 days of 1-minute data, but you requested 189 days
2025-07-09 03:40:46,597 - CandleDataClient - ERROR - Failed to fetch external data: [!] ERROR: YFinance only provides 7 days of 1-minute data, but you requested 189 days
2025-07-09 03:40:46,599 - BacktestEngine - ERROR - Error in backtest for NVDA: [!] ERROR: YFinance only provides 7 days of 1-minute data, but you requested 189 days
2025-07-09 03:43:56,965 - CandleDataClient - ERROR - Failed to fetch external data: [!] ERROR: YFinance only provides 60 days of 5m data, but you requested 189 days
2025-07-09 03:43:56,980 - BacktestEngine - ERROR - Error in backtest for AAPL: [!] ERROR: YFinance only provides 60 days of 5m data, but you requested 189 days
2025-07-09 03:43:57,419 - CandleDataClient - ERROR - Failed to fetch external data: [!] ERROR: YFinance only provides 60 days of 5m data, but you requested 189 days
2025-07-09 03:43:57,435 - BacktestEngine - ERROR - Error in backtest for NVDA: [!] ERROR: YFinance only provides 60 days of 5m data, but you requested 189 days
2025-07-09 03:44:40,508 - BacktestEngine - ERROR - Error in backtest for AAPL: local variable 'sector_weights' referenced before assignment
2025-07-09 03:44:46,556 - BacktestEngine - ERROR - Error in backtest for NVDA: local variable 'sector_weights' referenced before assignment
2025-07-09 05:31:51,169 - BacktestEngine - ERROR - Error in backtest for AAPL: local variable 'sector_data' referenced before assignment
2025-07-09 05:32:13,202 - BacktestEngine - ERROR - Error in backtest for NVDA: local variable 'sector_data' referenced before assignment
2025-07-09 05:40:58,564 - BacktestEngine - ERROR - Error in backtest for AAPL: local variable 'sector_data' referenced before assignment
2025-07-09 05:41:19,570 - BacktestEngine - ERROR - Error in backtest for NVDA: local variable 'sector_data' referenced before assignment
2025-07-09 05:52:05,306 - BacktestEngine - ERROR - Error in backtest for AAPL: name 'alignment_count' is not defined
2025-07-09 05:52:33,210 - BacktestEngine - ERROR - Error in backtest for NVDA: name 'alignment_count' is not defined
